<?xml version="1.0" encoding="UTF-8"?>
<testsuite name="com.gildedrose.GildedRoseTest" tests="1" skipped="0" failures="0" errors="0" timestamp="2025-01-21T21:09:18" hostname="DESKTOP-5NC6FUG" time="0.022">
  <properties/>
  <testcase name="testConjuredItemAfterSellIn()" classname="com.gildedrose.GildedRoseTest" time="0.022"/>
  <system-out><![CDATA[]]></system-out>
  <system-err><![CDATA[]]></system-err>
</testsuite>
